<?xml version="1.0" encoding="UTF-8"?>
<!-- Generated by org.testng.reporters.JUnitReportReporter -->
<testsuite hostname="ARAVIND-PERSONAL" failures="0" tests="1" name="com.qa.testcases.TestBoxTestCases" time="12.254" errors="0" timestamp="2023-02-18T12:24:04 CST" skipped="0">
  <testcase classname="com.qa.testcases.TestBoxTestCases" name="verifysubmittedstudentdata" time="12.254"/>
  <system-out/>
</testsuite> <!-- com.qa.testcases.TestBoxTestCases -->
