<?xml version="1.0" encoding="UTF-8"?>
<!-- Generated by org.testng.reporters.JUnitReportReporter -->
<testsuite skipped="0" hostname="ARAVIND-PERSONAL" name="com.qa.testcases.TestBoxTestCases" tests="1" failures="0" timestamp="2023-02-18T13:13:50 CST" time="11.769" errors="0">
  <testcase name="verifysubmittedstudentdata" time="11.769" classname="com.qa.testcases.TestBoxTestCases"/>
  <system-out/>
</testsuite> <!-- com.qa.testcases.TestBoxTestCases -->
